2025-01-13T16:05:56 - INFO - Workflow sub-1084 settings: ['check', 'execution', 'logging', 'monitoring']
2025-01-13T16:05:56 - INFO - Running serially.
2025-01-13T16:05:56 - INFO - [Node] Setting-up "sub-1084.Mean_SEgfm_AP" in "/home/rachel/Desktop/Preprocessing/fmri2standard/sub-1084/Mean_SEgfm_AP".
2025-01-13T16:05:56 - INFO - [Node] Executing "Mean_SEgfm_AP" <nipype.interfaces.fsl.maths.MeanImage>
2025-01-13T16:05:57 - INFO - [Node] Finished "Mean_SEgfm_AP", elapsed time 0.795996s.
2025-01-13T16:05:57 - INFO - [Node] Setting-up "sub-1084.eliminate_first_scans" in "/home/rachel/Desktop/Preprocessing/fmri2standard/sub-1084/eliminate_first_scans".
2025-01-13T16:05:57 - INFO - [Node] Executing "eliminate_first_scans" <nipype.interfaces.fsl.utils.ExtractROI>
2025-01-13T16:07:28 - INFO - [Node] Finished "eliminate_first_scans", elapsed time 90.895341s.
2025-01-13T16:07:28 - INFO - [Node] Setting-up "sub-1084.Merge_ap_pa_inputs" in "/home/rachel/Desktop/Preprocessing/fmri2standard/sub-1084/Merge_ap_pa_inputs".
2025-01-13T16:07:28 - INFO - [Node] Executing "Merge_ap_pa_inputs" <nipype.interfaces.utility.base.Merge>
2025-01-13T16:07:28 - INFO - [Node] Finished "Merge_ap_pa_inputs", elapsed time 0.000206s.
2025-01-13T16:07:28 - INFO - [Node] Setting-up "sub-1084.mask_T1" in "/home/rachel/Desktop/Preprocessing/fmri2standard/sub-1084/mask_T1".
2025-01-13T16:07:28 - INFO - [Node] Executing "mask_T1" <nipype.interfaces.fsl.preprocess.BET>
2025-01-13T16:07:34 - INFO - [Node] Finished "mask_T1", elapsed time 6.070707s.
2025-01-13T16:07:34 - INFO - [Node] Setting-up "sub-1084.vol2vol" in "/home/rachel/Desktop/Preprocessing/fmri2standard/sub-1084/vol2vol".
2025-01-13T16:07:34 - INFO - [Node] Executing "vol2vol" <nipype.interfaces.freesurfer.preprocess.ApplyVolTransform>
2025-01-13T16:07:35 - INFO - stdout 2025-01-13T16:07:35.166125:movvol /home/rachel/Desktop/Preprocessing/fmri2standard/sub-1084/vol2vol/brain.mgz
2025-01-13T16:07:35 - INFO - stdout 2025-01-13T16:07:35.166125:targvol /home/rachel/Desktop/institute/UB/Superagers/MRI/BIDS/sub-1084/ses-02/anat/sub-1084_ses-02_run-01_T1w.nii.gz
2025-01-13T16:07:35 - INFO - stdout 2025-01-13T16:07:35.166125:outvol brainmask_warped.nii.gz
2025-01-13T16:07:35 - INFO - stdout 2025-01-13T16:07:35.166125:invert 0
2025-01-13T16:07:35 - INFO - stdout 2025-01-13T16:07:35.166125:tal    0
2025-01-13T16:07:35 - INFO - stdout 2025-01-13T16:07:35.166125:talres 2
2025-01-13T16:07:35 - INFO - stdout 2025-01-13T16:07:35.166125:regheader 1
2025-01-13T16:07:35 - INFO - stdout 2025-01-13T16:07:35.166125:noresample 0
2025-01-13T16:07:35 - INFO - stdout 2025-01-13T16:07:35.166125:interp  trilinear (1)
2025-01-13T16:07:35 - INFO - stdout 2025-01-13T16:07:35.166125:precision  float (3)
2025-01-13T16:07:35 - INFO - stdout 2025-01-13T16:07:35.166125:Gdiag_no  -1
2025-01-13T16:07:35 - INFO - stdout 2025-01-13T16:07:35.166125:Synth      0
2025-01-13T16:07:35 - INFO - stdout 2025-01-13T16:07:35.166125:SynthSeed  1737607444
2025-01-13T16:07:35 - INFO - stdout 2025-01-13T16:07:35.166125:
2025-01-13T16:07:35 - INFO - stdout 2025-01-13T16:07:35.166125:Computing registration based on scanner-to-scanner
2025-01-13T16:07:35 - INFO - stdout 2025-01-13T16:07:35.166125:
2025-01-13T16:07:35 - INFO - stdout 2025-01-13T16:07:35.166125:Final tkRAS-to-tkRAS Matrix is:
2025-01-13T16:07:35 - INFO - stdout 2025-01-13T16:07:35.166125:-0.99875   0.04729   0.01602  -0.00001;
2025-01-13T16:07:35 - INFO - stdout 2025-01-13T16:07:35.166125:-0.01529   0.01573  -0.99976   0.00002;
2025-01-13T16:07:35 - INFO - stdout 2025-01-13T16:07:35.166125: 0.04753   0.99876   0.01499  -0.00001;
2025-01-13T16:07:35 - INFO - stdout 2025-01-13T16:07:35.166125: 0.00000   0.00000   0.00000   1.00000;
2025-01-13T16:07:35 - INFO - stdout 2025-01-13T16:07:35.166125:
2025-01-13T16:07:35 - INFO - stdout 2025-01-13T16:07:35.166125:
2025-01-13T16:07:35 - INFO - stdout 2025-01-13T16:07:35.166125:Vox2Vox Matrix is:
2025-01-13T16:07:35 - INFO - stdout 2025-01-13T16:07:35.166125:-0.79900   0.01281  -0.03783   215.22731;
2025-01-13T16:07:35 - INFO - stdout 2025-01-13T16:07:35.166125: 0.03802   0.01199  -0.79901   250.08743;
2025-01-13T16:07:35 - INFO - stdout 2025-01-13T16:07:35.166125: 0.01223   0.79981   0.01259   4.74297;
2025-01-13T16:07:35 - INFO - stdout 2025-01-13T16:07:35.166125: 0.00000   0.00000   0.00000   1.00000;
2025-01-13T16:07:37 - INFO - stdout 2025-01-13T16:07:37.437868:
2025-01-13T16:07:37 - INFO - stdout 2025-01-13T16:07:37.437868:Resampling
2025-01-13T16:07:37 - INFO - stdout 2025-01-13T16:07:37.437868:Output registration matrix is identity
2025-01-13T16:07:37 - INFO - stdout 2025-01-13T16:07:37.437868:
2025-01-13T16:07:37 - INFO - stdout 2025-01-13T16:07:37.437868:mri_vol2vol done
2025-01-13T16:07:37 - INFO - [Node] Finished "vol2vol", elapsed time 2.747427s.
2025-01-13T16:07:37 - INFO - [Node] Setting-up "sub-1084.Corregister_SBref2SEgfm" in "/home/rachel/Desktop/Preprocessing/fmri2standard/sub-1084/Corregister_SBref2SEgfm".
2025-01-13T16:07:37 - INFO - [Node] Executing "Corregister_SBref2SEgfm" <nipype.interfaces.fsl.preprocess.FLIRT>
2025-01-13T16:07:42 - INFO - [Node] Finished "Corregister_SBref2SEgfm", elapsed time 5.490808s.
2025-01-13T16:07:42 - INFO - [Node] Setting-up "sub-1084.Merge_SEgfm_AP_PA" in "/home/rachel/Desktop/Preprocessing/fmri2standard/sub-1084/Merge_SEgfm_AP_PA".
2025-01-13T16:07:42 - INFO - [Node] Executing "Merge_SEgfm_AP_PA" <nipype.interfaces.fsl.utils.Merge>
2025-01-13T16:07:44 - INFO - [Node] Finished "Merge_SEgfm_AP_PA", elapsed time 1.090836s.
2025-01-13T16:07:44 - INFO - [Node] Setting-up "sub-1084.binarize_mask" in "/home/rachel/Desktop/Preprocessing/fmri2standard/sub-1084/binarize_mask".
2025-01-13T16:07:44 - INFO - [Node] Executing "binarize_mask" <nipype.interfaces.fsl.maths.UnaryMaths>
2025-01-13T16:07:45 - INFO - [Node] Finished "binarize_mask", elapsed time 1.450385s.
2025-01-13T16:07:45 - INFO - [Node] Setting-up "sub-1084.realign_fmri2SBref" in "/home/rachel/Desktop/Preprocessing/fmri2standard/sub-1084/realign_fmri2SBref".
2025-01-13T16:07:45 - INFO - [Node] Executing "realign_fmri2SBref" <nipype.interfaces.fsl.preprocess.MCFLIRT>
2025-01-13T16:11:52 - INFO - [Node] Finished "realign_fmri2SBref", elapsed time 247.415906s.
2025-01-13T16:11:52 - INFO - [Node] Setting-up "sub-1084.Topup_SEgfm_estimation" in "/home/rachel/Desktop/Preprocessing/fmri2standard/sub-1084/Topup_SEgfm_estimation".
2025-01-13T16:11:52 - INFO - [Node] Executing "Topup_SEgfm_estimation" <nipype.interfaces.fsl.epi.TOPUP>
