2024-12-19 11:02:40,148 - INFO - Workflow sub-1031 settings: ['check', 'execution', 'logging', 'monitoring']
2024-12-19 11:02:40,156 - INFO - Running serially.
2024-12-19 11:02:40,157 - INFO - [Node] Setting-up "sub-1031.Mean_SEgfm_AP" in "/home/rachel/Desktop/Preprocessing/fmri2standard/sub-1031/Mean_SEgfm_AP".
2024-12-19 11:02:40,161 - INFO - [Node] Executing "Mean_SEgfm_AP" <nipype.interfaces.fsl.maths.MeanImage>
2024-12-19 11:02:40,890 - INFO - [Node] Finished "Mean_SEgfm_AP", elapsed time 0.728735s.
2024-12-19 11:02:40,894 - INFO - [Node] Setting-up "sub-1031.eliminate_first_scans" in "/home/rachel/Desktop/Preprocessing/fmri2standard/sub-1031/eliminate_first_scans".
2024-12-19 11:02:40,896 - INFO - [Node] Executing "eliminate_first_scans" <nipype.interfaces.fsl.utils.ExtractROI>
2024-12-19 11:04:27,757 - INFO - [Node] Finished "eliminate_first_scans", elapsed time 106.859892s.
2024-12-19 11:04:27,759 - INFO - [Node] Setting-up "sub-1031.Merge_ap_pa_inputs" in "/home/rachel/Desktop/Preprocessing/fmri2standard/sub-1031/Merge_ap_pa_inputs".
2024-12-19 11:04:27,761 - INFO - [Node] Cached "sub-1031.Merge_ap_pa_inputs" - collecting precomputed outputs
2024-12-19 11:04:27,761 - INFO - [Node] "sub-1031.Merge_ap_pa_inputs" found cached.
2024-12-19 11:04:27,761 - INFO - [Node] Setting-up "sub-1031.mask_T1" in "/home/rachel/Desktop/Preprocessing/fmri2standard/sub-1031/mask_T1".
2024-12-19 11:04:27,764 - INFO - [Node] Executing "mask_T1" <nipype.interfaces.fsl.preprocess.BET>
2024-12-19 11:04:35,374 - INFO - [Node] Finished "mask_T1", elapsed time 7.609113s.
2024-12-19 11:04:35,376 - INFO - [Node] Setting-up "sub-1031.vol2vol" in "/home/rachel/Desktop/Preprocessing/fmri2standard/sub-1031/vol2vol".
2024-12-19 11:04:35,378 - INFO - [Node] Cached "sub-1031.vol2vol" - collecting precomputed outputs
2024-12-19 11:04:35,378 - INFO - [Node] "sub-1031.vol2vol" found cached.
2024-12-19 11:04:35,378 - INFO - [Node] Setting-up "sub-1031.Corregister_SBref2SEgfm" in "/home/rachel/Desktop/Preprocessing/fmri2standard/sub-1031/Corregister_SBref2SEgfm".
2024-12-19 11:04:35,379 - INFO - [Node] Outdated cache found for "sub-1031.Corregister_SBref2SEgfm".
2024-12-19 11:04:35,381 - INFO - [Node] Executing "Corregister_SBref2SEgfm" <nipype.interfaces.fsl.preprocess.FLIRT>
2024-12-19 11:04:41,122 - INFO - [Node] Finished "Corregister_SBref2SEgfm", elapsed time 5.739033s.
2024-12-19 11:04:41,124 - INFO - [Node] Setting-up "sub-1031.Merge_SEgfm_AP_PA" in "/home/rachel/Desktop/Preprocessing/fmri2standard/sub-1031/Merge_SEgfm_AP_PA".
2024-12-19 11:04:41,127 - INFO - [Node] Executing "Merge_SEgfm_AP_PA" <nipype.interfaces.fsl.utils.Merge>
2024-12-19 11:04:42,167 - INFO - [Node] Finished "Merge_SEgfm_AP_PA", elapsed time 1.03883s.
2024-12-19 11:04:42,169 - INFO - [Node] Setting-up "sub-1031.binarize_mask" in "/home/rachel/Desktop/Preprocessing/fmri2standard/sub-1031/binarize_mask".
2024-12-19 11:04:42,170 - INFO - [Node] Outdated cache found for "sub-1031.binarize_mask".
2024-12-19 11:04:42,172 - INFO - [Node] Executing "binarize_mask" <nipype.interfaces.fsl.maths.UnaryMaths>
2024-12-19 11:04:43,210 - INFO - [Node] Finished "binarize_mask", elapsed time 1.037141s.
2024-12-19 11:04:43,212 - INFO - [Node] Setting-up "sub-1031.realign_fmri2SBref" in "/home/rachel/Desktop/Preprocessing/fmri2standard/sub-1031/realign_fmri2SBref".
2024-12-19 11:04:43,214 - INFO - [Node] Outdated cache found for "sub-1031.realign_fmri2SBref".
2024-12-19 11:04:43,217 - INFO - [Node] Executing "realign_fmri2SBref" <nipype.interfaces.fsl.preprocess.MCFLIRT>
2024-12-19 11:09:30,211 - INFO - [Node] Finished "realign_fmri2SBref", elapsed time 286.993555s.
2024-12-19 11:09:30,214 - INFO - [Node] Setting-up "sub-1031.Topup_SEgfm_estimation" in "/home/rachel/Desktop/Preprocessing/fmri2standard/sub-1031/Topup_SEgfm_estimation".
2024-12-19 11:09:30,215 - INFO - [Node] Outdated cache found for "sub-1031.Topup_SEgfm_estimation".
2024-12-19 11:09:30,218 - INFO - [Node] Executing "Topup_SEgfm_estimation" <nipype.interfaces.fsl.epi.TOPUP>
